09:36:59| --------------------------------------------------------------------------------
09:36:59| Primes: 0
09:36:59|  
09:36:59| --------------------------------------------------------------------------------
09:36:59| Words: 0
09:36:59|  
09:36:59| --------------------------------------------------------------------------------
09:36:59| Uppercase: 0
09:36:59|  
09:36:59| --------------------------------------------------------------------------------
09:36:59| Sums: 0
09:36:59|  
09:36:59| --------------------------------------------------------------------------------
09:36:59| Names: 0
09:36:59|  
09:36:59| Number of Primes tasks: 0
09:36:59| Number of Words tasks: 0
09:36:59| Number of Uppercase tasks: 0
09:36:59| Number of Sums tasks: 0
09:36:59| Number of Names tasks: 0
09:36:59| Finished processes 0 tasks = 0.16637510
