09:37:41| --------------------------------------------------------------------------------
09:37:41| Primes: 0
09:37:41|  
09:37:41| --------------------------------------------------------------------------------
09:37:41| Words: 0
09:37:41|  
09:37:41| --------------------------------------------------------------------------------
09:37:41| Uppercase: 0
09:37:41|  
09:37:41| --------------------------------------------------------------------------------
09:37:41| Sums: 0
09:37:41|  
09:37:41| --------------------------------------------------------------------------------
09:37:41| Names: 0
09:37:41|  
09:37:41| Number of Primes tasks: 0
09:37:41| Number of Words tasks: 0
09:37:41| Number of Uppercase tasks: 0
09:37:41| Number of Sums tasks: 0
09:37:41| Number of Names tasks: 0
09:37:41| Finished processes 0 tasks = 0.18671810
