09:37:29| --------------------------------------------------------------------------------
09:37:29| Primes: 0
09:37:29|  
09:37:29| --------------------------------------------------------------------------------
09:37:29| Words: 0
09:37:29|  
09:37:29| --------------------------------------------------------------------------------
09:37:29| Uppercase: 0
09:37:29|  
09:37:29| --------------------------------------------------------------------------------
09:37:29| Sums: 0
09:37:29|  
09:37:29| --------------------------------------------------------------------------------
09:37:29| Names: 0
09:37:29|  
09:37:29| Number of Primes tasks: 0
09:37:29| Number of Words tasks: 0
09:37:29| Number of Uppercase tasks: 0
09:37:29| Number of Sums tasks: 0
09:37:29| Number of Names tasks: 0
09:37:29| Finished processes 0 tasks = 0.18648020
