09:37:50| --------------------------------------------------------------------------------
09:37:50| Primes: 0
09:37:50|  
09:37:50| --------------------------------------------------------------------------------
09:37:50| Words: 0
09:37:50|  
09:37:50| --------------------------------------------------------------------------------
09:37:50| Uppercase: 0
09:37:50|  
09:37:50| --------------------------------------------------------------------------------
09:37:50| Sums: 0
09:37:50|  
09:37:50| --------------------------------------------------------------------------------
09:37:50| Names: 0
09:37:50|  
09:37:50| Number of Primes tasks: 0
09:37:50| Number of Words tasks: 0
09:37:50| Number of Uppercase tasks: 0
09:37:50| Number of Sums tasks: 0
09:37:50| Number of Names tasks: 0
09:37:50| Finished processes 0 tasks = 0.17991030
