08:33:23| --------------------------------------------------------------------------------
08:33:23| Primes: 0
08:33:23|  
08:33:23| --------------------------------------------------------------------------------
08:33:23| Words: 0
08:33:23|  
08:33:23| --------------------------------------------------------------------------------
08:33:23| Uppercase: 0
08:33:23|  
08:33:23| --------------------------------------------------------------------------------
08:33:23| Sums: 0
08:33:23|  
08:33:23| --------------------------------------------------------------------------------
08:33:23| Names: 0
08:33:23|  
08:33:23| Number of Primes tasks: 0
08:33:23| Number of Words tasks: 0
08:33:23| Number of Uppercase tasks: 0
08:33:23| Number of Sums tasks: 0
08:33:23| Number of Names tasks: 0
08:33:23| Finished processes 5 tasks = 0.02465780
