14:01:37| --------------------------------------------------------------------------------
14:01:37| Primes: 5
14:01:37| 9,638,760,730,083 is not prime
14:01:37| None
14:01:37| None
14:01:37| None
14:01:37| None
14:01:37|  
14:01:37| --------------------------------------------------------------------------------
14:01:37| Words: 0
14:01:37|  
14:01:37| --------------------------------------------------------------------------------
14:01:37| Uppercase: 0
14:01:37|  
14:01:37| --------------------------------------------------------------------------------
14:01:37| Sums: 0
14:01:37|  
14:01:37| --------------------------------------------------------------------------------
14:01:37| Names: 0
14:01:37|  
14:01:37| Number of Primes tasks: 5
14:01:37| Number of Words tasks: 0
14:01:37| Number of Uppercase tasks: 0
14:01:37| Number of Sums tasks: 0
14:01:37| Number of Names tasks: 0
14:01:37| Finished processes 5 tasks = 2.22157410
