14:14:16| --------------------------------------------------------------------------------
14:14:16| Primes: 1
14:14:16| 9,638,760,730,083 is not prime
14:14:16|  
14:14:16| --------------------------------------------------------------------------------
14:14:16| Words: 1
14:14:16| amusement found
14:14:16|  
14:14:16| --------------------------------------------------------------------------------
14:14:16| Uppercase: 1
14:14:16| inject ==> INJECT
14:14:16|  
14:14:16| --------------------------------------------------------------------------------
14:14:16| Sums: 1
14:14:16| sum of 424 to 694,818 = 241,386,284,295.0
14:14:16|  
14:14:16| --------------------------------------------------------------------------------
14:14:16| Names: 1
14:14:16| http://127.0.0.1:8790/people/2/ has name C-3PO
14:14:16|  
14:14:16| Number of Primes tasks: 1
14:14:16| Number of Words tasks: 1
14:14:16| Number of Uppercase tasks: 1
14:14:16| Number of Sums tasks: 1
14:14:16| Number of Names tasks: 1
14:14:16| Finished processes 5 tasks = 2.19711940
