13:47:14| --------------------------------------------------------------------------------
13:47:14| Primes: 1
13:47:14| 9638760730083 is not prime
13:47:14|  
13:47:14| --------------------------------------------------------------------------------
13:47:14| Words: 1
13:47:14| amusement found
13:47:14|  
13:47:14| --------------------------------------------------------------------------------
13:47:14| Uppercase: 1
13:47:14| inject ==> INJECT
13:47:14|  
13:47:14| --------------------------------------------------------------------------------
13:47:14| Sums: 1
13:47:14| sum of 424 to 694818 = 241386284295.0
13:47:14|  
13:47:14| --------------------------------------------------------------------------------
13:47:14| Names: 1
13:47:14| http://127.0.0.1:8790/people/2/ has name C-3PO
13:47:14|  
13:47:14| Number of Primes tasks: 1
13:47:14| Number of Words tasks: 1
13:47:14| Number of Uppercase tasks: 1
13:47:14| Number of Sums tasks: 1
13:47:14| Number of Names tasks: 1
13:47:14| Finished processes 5 tasks = 1.22648470
