13:47:53| --------------------------------------------------------------------------------
13:47:53| Primes: 1
13:47:53| 9,638,760,730,083 is not prime
13:47:53|  
13:47:53| --------------------------------------------------------------------------------
13:47:53| Words: 1
13:47:53| amusement found
13:47:53|  
13:47:53| --------------------------------------------------------------------------------
13:47:53| Uppercase: 1
13:47:53| inject ==> INJECT
13:47:53|  
13:47:53| --------------------------------------------------------------------------------
13:47:53| Sums: 1
13:47:53| sum of 424 to 694,818 = 241,386,284,295.0
13:47:53|  
13:47:53| --------------------------------------------------------------------------------
13:47:53| Names: 1
13:47:53| http://127.0.0.1:8790/people/2/ has name C-3PO
13:47:53|  
13:47:53| Number of Primes tasks: 1
13:47:53| Number of Words tasks: 1
13:47:53| Number of Uppercase tasks: 1
13:47:53| Number of Sums tasks: 1
13:47:53| Number of Names tasks: 1
13:47:53| Finished processes 5 tasks = 1.23952090
