14:13:00| --------------------------------------------------------------------------------
14:13:00| Primes: 1
14:13:00| 9,638,760,730,083 is not prime
14:13:00|  
14:13:00| --------------------------------------------------------------------------------
14:13:00| Words: 1
14:13:00| amusement found
14:13:00|  
14:13:00| --------------------------------------------------------------------------------
14:13:00| Uppercase: 1
14:13:00| inject ==> INJECT
14:13:00|  
14:13:00| --------------------------------------------------------------------------------
14:13:00| Sums: 1
14:13:00| sum of 424 to 694,818 = 241,386,284,295.0
14:13:00|  
14:13:00| --------------------------------------------------------------------------------
14:13:00| Names: 1
14:13:00| None
14:13:00|  
14:13:00| Number of Primes tasks: 1
14:13:00| Number of Words tasks: 1
14:13:00| Number of Uppercase tasks: 1
14:13:00| Number of Sums tasks: 1
14:13:00| Number of Names tasks: 1
14:13:00| Finished processes 5 tasks = 2.28739750
