14:06:56| ****************************************
14:06:56| Part 1
14:06:56| 
14:06:56| File: verysmall.bmp
14:06:56| Number of drawing commands for = 54
14:07:04| Found path has length          = 1
14:07:04| 
14:07:04| File: verysmall-loops.bmp
14:07:04| Number of drawing commands for = 174
14:07:06| Found path has length          = 1
14:07:06| 
14:07:06| File: small.bmp
14:07:06| Number of drawing commands for = 1094
14:07:06| Found path has length          = 1
14:07:06| 
14:07:06| File: small-loops.bmp
14:07:06| Number of drawing commands for = 1094
14:07:06| Found path has length          = 1
14:07:06| 
14:07:06| File: small-odd.bmp
14:07:06| Number of drawing commands for = 1094
14:07:06| Found path has length          = 1
14:07:06| 
14:07:06| File: small-open.bmp
14:07:06| Number of drawing commands for = 1094
14:07:06| Found path has length          = 1
14:07:06| 
14:07:06| File: large.bmp
14:07:06| Number of drawing commands for = 16646
14:07:07| Found path has length          = 1
14:07:07| 
14:07:07| File: large-loops.bmp
14:07:07| Number of drawing commands for = 16646
14:07:07| Found path has length          = 1
14:07:07| ****************************************
