14:05:43| ****************************************
14:05:43| Part 1
14:05:43| 
14:05:43| File: verysmall.bmp
14:05:43| Number of drawing commands for = 126
14:06:05| Found path has length          = 19
14:06:05| 
14:06:05| File: verysmall-loops.bmp
14:06:05| Number of drawing commands for = 480
14:06:05| Found path has length          = 79
14:06:05| 
14:06:05| File: small.bmp
14:06:05| Number of drawing commands for = 3142
14:06:05| Found path has length          = 513
14:06:05| 
14:06:05| File: small-loops.bmp
14:06:05| Number of drawing commands for = 3250
14:06:05| Found path has length          = 549
14:06:05| 
14:06:05| File: small-odd.bmp
14:06:05| Number of drawing commands for = 3736
14:06:05| Found path has length          = 700
14:06:05| 
14:06:05| File: small-open.bmp
14:06:05| Number of drawing commands for = 5064
14:06:06| Found path has length          = 1235
14:06:06| 
14:06:06| File: large.bmp
14:06:06| Number of drawing commands for = 49414
14:06:08| Found path has length          = 8193
14:06:08| 
14:06:08| File: large-loops.bmp
14:06:08| Number of drawing commands for = 51208
14:06:09| Found path has length          = 8791
14:06:09| ****************************************
