17:51:43| ****************************************
17:51:43| Part 2
17:51:43| 
17:51:43| File: verysmall.bmp
17:51:43| Number of drawing commands = 54
17:51:43| Number of threads created  = 2
17:51:45| 
17:51:45| File: verysmall-loops.bmp
17:51:45| Number of drawing commands = 190
17:51:45| Number of threads created  = 2
17:51:45| 
17:51:45| File: small.bmp
17:51:45| Number of drawing commands = 1094
17:51:45| Number of threads created  = 2
17:51:46| 
17:51:46| File: small-loops.bmp
17:51:46| Number of drawing commands = 1098
17:51:46| Number of threads created  = 2
17:51:46| 
17:51:46| File: small-odd.bmp
17:51:46| Number of drawing commands = 1094
17:51:46| Number of threads created  = 2
17:51:46| 
17:51:46| File: small-open.bmp
17:51:46| Number of drawing commands = 1098
17:51:46| Number of threads created  = 2
17:51:47| 
17:51:47| File: large.bmp
17:51:47| Number of drawing commands = 16646
17:51:47| Number of threads created  = 2
17:51:47| 
17:51:47| File: large-loops.bmp
17:51:47| Number of drawing commands = 16646
17:51:47| Number of threads created  = 2
17:51:48| ****************************************
