17:51:56| ****************************************
17:51:56| Part 2
17:51:56| 
17:51:56| File: verysmall.bmp
17:51:56| Number of drawing commands = 54
17:51:56| Number of threads created  = 2
17:52:01| 
17:52:01| File: verysmall-loops.bmp
17:52:01| Number of drawing commands = 190
17:52:01| Number of threads created  = 2
17:52:01| 
17:52:01| File: small.bmp
17:52:01| Number of drawing commands = 1094
17:52:01| Number of threads created  = 2
17:52:01| 
17:52:01| File: small-loops.bmp
17:52:01| Number of drawing commands = 1098
17:52:01| Number of threads created  = 2
17:52:02| 
17:52:02| File: small-odd.bmp
17:52:02| Number of drawing commands = 1094
17:52:02| Number of threads created  = 2
17:52:02| 
17:52:02| File: small-open.bmp
17:52:02| Number of drawing commands = 1098
17:52:02| Number of threads created  = 2
17:52:03| 
17:52:03| File: large.bmp
17:52:03| Number of drawing commands = 16646
17:52:03| Number of threads created  = 2
17:52:03| 
17:52:03| File: large-loops.bmp
17:52:03| Number of drawing commands = 16646
17:52:03| Number of threads created  = 2
17:52:03| ****************************************
