16:47:13| ****************************************
16:47:13| Part 2
16:47:13| 
16:47:13| File: verysmall.bmp
16:47:13| Number of drawing commands = 52
16:47:13| Number of threads created  = 0
16:47:21| 
16:47:21| File: verysmall-loops.bmp
16:47:21| Number of drawing commands = 172
16:47:21| Number of threads created  = 0
16:47:23| 
16:47:23| File: small.bmp
16:47:23| Number of drawing commands = 1092
16:47:23| Number of threads created  = 0
16:47:23| 
16:47:23| File: small-loops.bmp
16:47:23| Number of drawing commands = 1092
16:47:23| Number of threads created  = 0
16:47:23| 
16:47:23| File: small-odd.bmp
16:47:23| Number of drawing commands = 1092
16:47:23| Number of threads created  = 0
16:47:23| 
16:47:23| File: small-open.bmp
16:47:23| Number of drawing commands = 1092
16:47:23| Number of threads created  = 0
16:47:23| 
16:47:23| File: large.bmp
16:47:23| Number of drawing commands = 16644
16:47:23| Number of threads created  = 0
16:47:24| 
16:47:24| File: large-loops.bmp
16:47:24| Number of drawing commands = 16644
16:47:24| Number of threads created  = 0
16:47:24| ****************************************
