09:03:18| ****************************************
09:03:18| Part 2
09:03:18| 
09:03:18| File: verysmall.bmp
09:03:18| Number of drawing commands = 82
09:03:18| Number of threads created  = 3
09:03:21| 
09:03:21| File: verysmall-loops.bmp
09:03:21| Number of drawing commands = 322
09:03:21| Number of threads created  = 7
09:03:23| 
09:03:23| File: small.bmp
09:03:23| Number of drawing commands = 1602
09:03:23| Number of threads created  = 19
09:03:30| 
09:03:30| File: small-loops.bmp
09:03:30| Number of drawing commands = 2132
09:03:30| Number of threads created  = 36
09:03:45| 
09:03:45| File: small-odd.bmp
09:03:45| Number of drawing commands = 2092
09:03:45| Number of threads created  = 161
09:03:54| 
09:03:54| File: small-open.bmp
09:03:54| Number of drawing commands = 2556
09:03:54| Number of threads created  = 383
09:04:07| 
09:04:07| File: large.bmp
09:04:07| Number of drawing commands = 25014
09:04:07| Number of threads created  = 220
09:04:37| 
09:04:37| File: large-loops.bmp
