16:01:53| ****************************************
16:01:53| Part 2
16:01:53| 
16:01:53| File: verysmall.bmp
16:01:53| Number of drawing commands = 88
16:01:53| Number of threads created  = 3
16:01:57| 
16:01:57| File: verysmall-loops.bmp
16:01:57| Number of drawing commands = 322
16:01:57| Number of threads created  = 7
16:01:59| 
16:01:59| File: small.bmp
16:01:59| Number of drawing commands = 2096
16:01:59| Number of threads created  = 26
16:02:11| 
16:02:11| File: small-loops.bmp
16:02:11| Number of drawing commands = 1644
16:02:11| Number of threads created  = 22
16:02:18| 
16:02:18| File: small-odd.bmp
16:02:18| Number of drawing commands = 2194
16:02:18| Number of threads created  = 204
16:02:26| 
16:02:26| File: small-open.bmp
16:02:26| Number of drawing commands = 2450
16:02:26| Number of threads created  = 494
16:02:27| 
16:02:27| File: large.bmp
16:02:27| Number of drawing commands = 28908
16:02:27| Number of threads created  = 305
16:02:27| 
16:02:27| File: large-loops.bmp
