11:10:55| 250 cars have been created = 3.79266500
11:10:55| Factories      : 1
11:10:55| Dealerships    : 1
11:10:55| Run Time       : 3.7927
11:10:55| Max queue size : 9
11:10:55| Factory Stats  : [250]
11:10:55| Dealer Stats   : [250]
11:10:55| 
11:10:59| 295 cars have been created = 4.36152600
11:10:59| Factories      : 1
11:10:59| Dealerships    : 2
11:10:59| Run Time       : 4.3615
11:10:59| Max queue size : 3
11:10:59| Factory Stats  : [295]
11:10:59| Dealer Stats   : [149, 146]
11:10:59| 
11:11:06| 521 cars have been created = 6.55438170
11:11:06| Factories      : 2
11:11:06| Dealerships    : 1
11:11:06| Run Time       : 6.5544
11:11:06| Max queue size : 10
11:11:06| Factory Stats  : [242, 279]
11:11:06| Dealer Stats   : [521]
11:11:06| 
11:11:11| 572 cars have been created = 4.52881150
11:11:11| Factories      : 2
11:11:11| Dealerships    : 2
11:11:11| Run Time       : 4.5288
11:11:11| Max queue size : 9
11:11:11| Factory Stats  : [273, 299]
11:11:11| Dealer Stats   : [290, 282]
11:11:11| 
11:11:15| 561 cars have been created = 4.13353900
11:11:15| Factories      : 2
11:11:15| Dealerships    : 5
11:11:15| Run Time       : 4.1335
11:11:15| Max queue size : 5
11:11:15| Factory Stats  : [281, 280]
11:11:15| Dealer Stats   : [112, 114, 110, 112, 113]
11:11:15| 
11:11:22| 1256 cars have been created = 7.80262470
11:11:22| Factories      : 5
11:11:22| Dealerships    : 2
11:11:22| Run Time       : 7.8026
11:11:22| Max queue size : 10
11:11:22| Factory Stats  : [261, 224, 246, 276, 249]
11:11:22| Dealer Stats   : [636, 620]
11:11:22| 
11:11:27| 2454 cars have been created = 4.36183560
11:11:27| Factories      : 10
11:11:27| Dealerships    : 10
11:11:27| Run Time       : 4.3618
11:11:27| Max queue size : 10
11:11:27| Factory Stats  : [264, 227, 294, 211, 268, 268, 227, 209, 264, 222]
11:11:27| Dealer Stats   : [240, 236, 249, 247, 250, 240, 238, 244, 250, 260]
11:11:27| 
